[2025-12-20 03:57:14] ========== Starting database backup ==========
[2025-12-20 03:57:14] Database: xie080886 @ 127.0.0.1:3306
[2025-12-20 03:57:14] Creating database backup...
mysqldump: [Warning] Using a password on the command line interface can be insecure.
mysqldump: Error: 'Access denied; you need (at least one of) the PROCESS privilege(s) for this operation' when trying to dump tablespaces
[2025-12-20 03:57:15] Backup created: /www/wwwroot/vitufinance.com/backups/database/xie080886_2025-12-20.sql (844K)
[2025-12-20 03:57:15] Compressing backup...
[2025-12-20 03:57:15] Backup compressed: /www/wwwroot/vitufinance.com/backups/database/xie080886_2025-12-20.sql.gz (96K)
[2025-12-20 03:57:15] Cleaning old backups (keeping last 7 days)...
[2025-12-20 03:57:15] Total backups retained: 1
[2025-12-20 03:57:15] Pushing backup to Git repository...
[main 10de7c1] Auto backup: Database backup 2025-12-20
 2 files changed, 11 insertions(+)
 create mode 100644 backups/backup.log
 create mode 100644 backups/database/xie080886_2025-12-20.sql.gz
To github.com:gsyi5839-alt/https-vitufinance.com-.git
   bcf8378..10de7c1  main -> main
[2025-12-20 03:57:19] Successfully pushed backup to Git repository
[2025-12-20 03:57:19] ========== Backup completed successfully ==========
[2025-12-20 03:57:19] 
