[2025-12-21 03:00:01] ========== Starting database backup ==========
[2025-12-21 03:00:01] Database: xie080886 @ 127.0.0.1:3306
[2025-12-21 03:00:01] Creating database backup...
[2025-12-21 03:00:01] Backup created: /www/wwwroot/vitufinance.com/backups/database/xie080886_2025-12-21.sql (2.2M)
[2025-12-21 03:00:01] Compressing backup...
[2025-12-21 03:00:01] Backup compressed: /www/wwwroot/vitufinance.com/backups/database/xie080886_2025-12-21.sql.gz (348K)
[2025-12-21 03:00:01] Cleaning old backups (keeping last 7 days)...
[2025-12-21 03:00:01] Total backups retained: 2
[2025-12-21 03:00:01] Pushing backup to Git repository...
[2025-12-21 03:00:05] Successfully pushed backup to Git repository
[2025-12-21 03:00:05] ========== Backup completed successfully ==========
[2025-12-21 03:00:05] 
[2025-12-22 03:00:01] ========== Starting database backup ==========
[2025-12-22 03:00:01] Database: xie080886 @ 127.0.0.1:3306
[2025-12-22 03:00:01] Creating database backup...
[2025-12-22 03:00:02] ERROR: Database backup failed!
[2025-12-23 03:00:01] ========== Starting database backup ==========
[2025-12-23 03:00:01] Database: xie080886 @ 127.0.0.1:3306
[2025-12-23 03:00:01] Creating database backup...
[2025-12-23 03:00:02] ERROR: Database backup failed!
